<?xml version="1.0" encoding="UTF-8"?>
<testng-results ignored="0" total="1" passed="1" failed="0" skipped="0">
  <reporter-output>
  </reporter-output>
  <suite started-at="2023-04-11T10:42:37 IST" name="Suite" finished-at="2023-04-11T10:43:04 IST" duration-ms="26799">
    <groups>
    </groups>
    <test started-at="2023-04-11T10:42:37 IST" name="Test" finished-at="2023-04-11T10:43:04 IST" duration-ms="26799">
      <class name="simplertrading1.appium">
        <test-method signature="test()[pri:0, instance:simplertrading1.appium@708f5957]" started-at="2023-04-11T10:42:37 IST" name="test" finished-at="2023-04-11T10:43:04 IST" duration-ms="26734" status="PASS">
          <reporter-output>
          </reporter-output>
        </test-method> <!-- test -->
      </class> <!-- simplertrading1.appium -->
    </test> <!-- Test -->
  </suite> <!-- Suite -->
</testng-results>
